2021-02-24 09:08:42,468 [main] WARN  [c.a.cloud.nacos.client.NacosPropertySourceBuilder] NacosPropertySourceBuilder.java:87 - Ignore the empty nacos configuration and get it based on dataId[heng-administrator-biz] & group[group_dev]
2021-02-24 09:08:42,482 [main] WARN  [c.a.cloud.nacos.client.NacosPropertySourceBuilder] NacosPropertySourceBuilder.java:87 - Ignore the empty nacos configuration and get it based on dataId[heng-administrator-biz.yaml] & group[group_dev]
2021-02-24 09:08:42,519 [main] INFO  [o.s.c.b.c.PropertySourceBootstrapConfiguration] PropertySourceBootstrapConfiguration.java:109 - Located property source: [BootstrapPropertySource {name='bootstrapProperties-heng-administrator-biz-dev.yaml,group_dev'}, BootstrapPropertySource {name='bootstrapProperties-heng-administrator-biz.yaml,group_dev'}, BootstrapPropertySource {name='bootstrapProperties-heng-administrator-biz,group_dev'}, BootstrapPropertySource {name='bootstrapProperties-application-dev.yaml,group_dev'}]
2021-02-24 09:32:47,335 [main] WARN  [c.a.cloud.nacos.client.NacosPropertySourceBuilder] NacosPropertySourceBuilder.java:87 - Ignore the empty nacos configuration and get it based on dataId[application-dev.yaml] & group[group_dev]
2021-02-24 09:32:47,346 [main] WARN  [c.a.cloud.nacos.client.NacosPropertySourceBuilder] NacosPropertySourceBuilder.java:87 - Ignore the empty nacos configuration and get it based on dataId[heng-administrator-biz] & group[group_dev]
2021-02-24 09:32:47,352 [main] WARN  [c.a.cloud.nacos.client.NacosPropertySourceBuilder] NacosPropertySourceBuilder.java:87 - Ignore the empty nacos configuration and get it based on dataId[heng-administrator-biz.yaml] & group[group_dev]
2021-02-24 09:32:47,364 [main] WARN  [c.a.cloud.nacos.client.NacosPropertySourceBuilder] NacosPropertySourceBuilder.java:87 - Ignore the empty nacos configuration and get it based on dataId[heng-administrator-biz-dev.yaml] & group[group_dev]
2021-02-24 09:32:47,365 [main] INFO  [o.s.c.b.c.PropertySourceBootstrapConfiguration] PropertySourceBootstrapConfiguration.java:109 - Located property source: [BootstrapPropertySource {name='bootstrapProperties-heng-administrator-biz-dev.yaml,group_dev'}, BootstrapPropertySource {name='bootstrapProperties-heng-administrator-biz.yaml,group_dev'}, BootstrapPropertySource {name='bootstrapProperties-heng-administrator-biz,group_dev'}, BootstrapPropertySource {name='bootstrapProperties-application-dev.yaml,group_dev'}]
2021-02-24 09:32:47,372 [main] INFO  [c.u.j.c.EnableEncryptablePropertiesConfiguration] EnableEncryptablePropertiesConfiguration.java:69 - Bootstraping jasypt-string-boot auto configuration in context: heng-administrator-biz-1
2021-02-24 09:32:47,376 [main] INFO  [com.hengcloud.heng.biz.App] SpringApplication.java:664 - The following profiles are active: dev
2021-02-24 09:32:49,606 [main] INFO  [o.s.d.r.config.RepositoryConfigurationDelegate] RepositoryConfigurationDelegate.java:250 - Multiple Spring Data modules found, entering strict repository configuration mode!
2021-02-24 09:32:49,609 [main] INFO  [o.s.d.r.config.RepositoryConfigurationDelegate] RepositoryConfigurationDelegate.java:128 - Bootstrapping Spring Data Redis repositories in DEFAULT mode.
2021-02-24 09:32:49,654 [main] INFO  [o.s.d.r.config.RepositoryConfigurationDelegate] RepositoryConfigurationDelegate.java:188 - Finished Spring Data repository scanning in 24 ms. Found 0 Redis repository interfaces.
2021-02-24 09:32:50,092 [main] INFO  [o.springframework.cloud.context.scope.GenericScope] GenericScope.java:288 - BeanFactory id=564fed1d-bda5-3d53-b753-fdca09480d65
2021-02-24 09:32:50,113 [main] INFO  [c.u.j.c.EnableEncryptablePropertiesBeanFactoryPostProcessor] EnableEncryptablePropertiesBeanFactoryPostProcessor.java:50 - Post-processing PropertySource instances
2021-02-24 09:32:50,130 [main] INFO  [c.u.j.EncryptablePropertySourceConverter] EncryptablePropertySourceConverter.java:38 - Converting PropertySource bootstrapProperties-heng-administrator-biz-dev.yaml,group_dev [org.springframework.cloud.bootstrap.config.BootstrapPropertySource] to EncryptableEnumerablePropertySourceWrapper
2021-02-24 09:32:50,130 [main] INFO  [c.u.j.EncryptablePropertySourceConverter] EncryptablePropertySourceConverter.java:38 - Converting PropertySource bootstrapProperties-heng-administrator-biz.yaml,group_dev [org.springframework.cloud.bootstrap.config.BootstrapPropertySource] to EncryptableEnumerablePropertySourceWrapper
2021-02-24 09:32:50,130 [main] INFO  [c.u.j.EncryptablePropertySourceConverter] EncryptablePropertySourceConverter.java:38 - Converting PropertySource bootstrapProperties-heng-administrator-biz,group_dev [org.springframework.cloud.bootstrap.config.BootstrapPropertySource] to EncryptableEnumerablePropertySourceWrapper
2021-02-24 09:32:50,131 [main] INFO  [c.u.j.EncryptablePropertySourceConverter] EncryptablePropertySourceConverter.java:38 - Converting PropertySource bootstrapProperties-application-dev.yaml,group_dev [org.springframework.cloud.bootstrap.config.BootstrapPropertySource] to EncryptableEnumerablePropertySourceWrapper
2021-02-24 09:32:50,131 [main] INFO  [c.u.j.EncryptablePropertySourceConverter] EncryptablePropertySourceConverter.java:38 - Converting PropertySource configurationProperties [org.springframework.boot.context.properties.source.ConfigurationPropertySourcesPropertySource] to AOP Proxy
2021-02-24 09:32:50,131 [main] INFO  [c.u.j.EncryptablePropertySourceConverter] EncryptablePropertySourceConverter.java:38 - Converting PropertySource gateway-properties [org.springframework.core.env.MapPropertySource] to EncryptableMapPropertySourceWrapper
2021-02-24 09:32:50,131 [main] INFO  [c.u.j.EncryptablePropertySourceConverter] EncryptablePropertySourceConverter.java:38 - Converting PropertySource servletConfigInitParams [org.springframework.core.env.PropertySource$StubPropertySource] to EncryptablePropertySourceWrapper
2021-02-24 09:32:50,132 [main] INFO  [c.u.j.EncryptablePropertySourceConverter] EncryptablePropertySourceConverter.java:38 - Converting PropertySource servletContextInitParams [org.springframework.core.env.PropertySource$StubPropertySource] to EncryptablePropertySourceWrapper
2021-02-24 09:32:50,132 [main] INFO  [c.u.j.EncryptablePropertySourceConverter] EncryptablePropertySourceConverter.java:38 - Converting PropertySource systemProperties [org.springframework.core.env.PropertiesPropertySource] to EncryptableMapPropertySourceWrapper
2021-02-24 09:32:50,132 [main] INFO  [c.u.j.EncryptablePropertySourceConverter] EncryptablePropertySourceConverter.java:38 - Converting PropertySource systemEnvironment [org.springframework.boot.env.SystemEnvironmentPropertySourceEnvironmentPostProcessor$OriginAwareSystemEnvironmentPropertySource] to EncryptableMapPropertySourceWrapper
2021-02-24 09:32:50,132 [main] INFO  [c.u.j.EncryptablePropertySourceConverter] EncryptablePropertySourceConverter.java:38 - Converting PropertySource random [org.springframework.boot.env.RandomValuePropertySource] to EncryptablePropertySourceWrapper
2021-02-24 09:32:50,132 [main] INFO  [c.u.j.EncryptablePropertySourceConverter] EncryptablePropertySourceConverter.java:38 - Converting PropertySource springCloudClientHostInfo [org.springframework.core.env.MapPropertySource] to EncryptableMapPropertySourceWrapper
2021-02-24 09:32:50,133 [main] INFO  [c.u.j.EncryptablePropertySourceConverter] EncryptablePropertySourceConverter.java:38 - Converting PropertySource springCloudDefaultProperties [org.springframework.core.env.MapPropertySource] to EncryptableMapPropertySourceWrapper
2021-02-24 09:32:50,133 [main] INFO  [c.u.j.EncryptablePropertySourceConverter] EncryptablePropertySourceConverter.java:38 - Converting PropertySource cachedrandom [org.springframework.cloud.util.random.CachedRandomPropertySource] to EncryptablePropertySourceWrapper
2021-02-24 09:32:50,154 [main] INFO  [c.u.j.filter.DefaultLazyPropertyFilter] DefaultLazyPropertyFilter.java:31 - Property Filter custom Bean not found with name 'encryptablePropertyFilter'. Initializing Default Property Filter
2021-02-24 09:32:50,430 [main] INFO  [c.u.j.resolver.DefaultLazyPropertyResolver] DefaultLazyPropertyResolver.java:31 - Property Resolver custom Bean not found with name 'encryptablePropertyResolver'. Initializing Default Property Resolver
2021-02-24 09:32:50,431 [main] INFO  [c.u.j.detector.DefaultLazyPropertyDetector] DefaultLazyPropertyDetector.java:30 - Property Detector custom Bean not found with name 'encryptablePropertyDetector'. Initializing Default Property Detector
2021-02-24 09:32:50,604 [main] INFO  [o.s.c.s.PostProcessorRegistrationDelegate$BeanPostProcessorChecker] PostProcessorRegistrationDelegate.java:350 - Bean 'org.hibernate.validator.internal.constraintvalidators.bv.notempty.NotEmptyValidatorForCharSequence' of type [org.hibernate.validator.internal.constraintvalidators.bv.notempty.NotEmptyValidatorForCharSequence] is not eligible for getting processed by all BeanPostProcessors (for example: not eligible for auto-proxying)
2021-02-24 09:32:50,610 [main] INFO  [o.s.c.s.PostProcessorRegistrationDelegate$BeanPostProcessorChecker] PostProcessorRegistrationDelegate.java:350 - Bean 'org.hibernate.validator.internal.constraintvalidators.bv.NotNullValidator' of type [org.hibernate.validator.internal.constraintvalidators.bv.NotNullValidator] is not eligible for getting processed by all BeanPostProcessors (for example: not eligible for auto-proxying)
2021-02-24 09:32:50,669 [main] INFO  [o.s.c.s.PostProcessorRegistrationDelegate$BeanPostProcessorChecker] PostProcessorRegistrationDelegate.java:350 - Bean 'spring.cloud.sentinel-com.alibaba.cloud.sentinel.SentinelProperties' of type [com.alibaba.cloud.sentinel.SentinelProperties] is not eligible for getting processed by all BeanPostProcessors (for example: not eligible for auto-proxying)
2021-02-24 09:32:50,671 [main] INFO  [o.s.c.s.PostProcessorRegistrationDelegate$BeanPostProcessorChecker] PostProcessorRegistrationDelegate.java:350 - Bean 'com.alibaba.cloud.sentinel.custom.SentinelAutoConfiguration' of type [com.alibaba.cloud.sentinel.custom.SentinelAutoConfiguration] is not eligible for getting processed by all BeanPostProcessors (for example: not eligible for auto-proxying)
2021-02-24 09:32:50,717 [main] INFO  [o.s.c.s.PostProcessorRegistrationDelegate$BeanPostProcessorChecker] PostProcessorRegistrationDelegate.java:350 - Bean 'org.springframework.cloud.client.loadbalancer.reactive.LoadBalancerBeanPostProcessorAutoConfiguration' of type [org.springframework.cloud.client.loadbalancer.reactive.LoadBalancerBeanPostProcessorAutoConfiguration] is not eligible for getting processed by all BeanPostProcessors (for example: not eligible for auto-proxying)
2021-02-24 09:32:50,719 [main] INFO  [o.s.c.s.PostProcessorRegistrationDelegate$BeanPostProcessorChecker] PostProcessorRegistrationDelegate.java:350 - Bean 'org.springframework.cloud.client.loadbalancer.reactive.LoadBalancerBeanPostProcessorAutoConfiguration$ReactorDeferringLoadBalancerFilterConfig' of type [org.springframework.cloud.client.loadbalancer.reactive.LoadBalancerBeanPostProcessorAutoConfiguration$ReactorDeferringLoadBalancerFilterConfig] is not eligible for getting processed by all BeanPostProcessors (for example: not eligible for auto-proxying)
2021-02-24 09:32:50,722 [main] INFO  [o.s.c.s.PostProcessorRegistrationDelegate$BeanPostProcessorChecker] PostProcessorRegistrationDelegate.java:350 - Bean 'reactorDeferringLoadBalancerExchangeFilterFunction' of type [org.springframework.cloud.client.loadbalancer.reactive.DeferringLoadBalancerExchangeFilterFunction] is not eligible for getting processed by all BeanPostProcessors (for example: not eligible for auto-proxying)
2021-02-24 09:32:51,066 [main] WARN  [io.undertow.websockets.jsr] Bootstrap.java:68 - UT026010: Buffer pool was not set on WebSocketDeploymentInfo, the default pool will be used
2021-02-24 09:32:51,093 [main] INFO  [io.undertow.servlet] ServletContextImpl.java:364 - Initializing Spring embedded WebApplicationContext
2021-02-24 09:32:51,094 [main] INFO  [o.s.b.w.s.c.ServletWebServerApplicationContext] ServletWebServerApplicationContext.java:289 - Root WebApplicationContext: initialization completed in 3676 ms
2021-02-24 09:32:51,586 [main] WARN  [o.s.b.w.s.c.AnnotationConfigServletWebServerApplicationContext] AbstractApplicationContext.java:596 - Exception encountered during context initialization - cancelling refresh attempt: org.springframework.beans.factory.UnsatisfiedDependencyException: Error creating bean with name 'sysMenuController' defined in file [F:\project\heng\heng-administrator\heng-administrator-biz\target\classes\com\hengcloud\heng\biz\controller\SysMenuController.class]: Unsatisfied dependency expressed through constructor parameter 0; nested exception is org.springframework.beans.factory.UnsatisfiedDependencyException: Error creating bean with name 'sysMenuServiceImpl' defined in file [F:\project\heng\heng-administrator\heng-administrator-biz\target\classes\com\hengcloud\heng\biz\service\impl\SysMenuServiceImpl.class]: Unsatisfied dependency expressed through constructor parameter 0; nested exception is org.springframework.beans.factory.UnsatisfiedDependencyException: Error creating bean with name 'sysRoleMenuMapper' defined in file [F:\project\heng\heng-administrator\heng-administrator-biz\target\classes\com\hengcloud\heng\biz\mapper\SysRoleMenuMapper.class]: Unsatisfied dependency expressed through bean property 'sqlSessionFactory'; nested exception is org.springframework.beans.factory.UnsatisfiedDependencyException: Error creating bean with name 'sqlSessionFactory' defined in class path resource [com/baomidou/mybatisplus/autoconfigure/MybatisPlusAutoConfiguration.class]: Unsatisfied dependency expressed through method 'sqlSessionFactory' parameter 0; nested exception is org.springframework.beans.factory.BeanCreationException: Error creating bean with name 'dataSource' defined in class path resource [org/springframework/boot/autoconfigure/jdbc/DataSourceConfiguration$Hikari.class]: Bean instantiation via factory method failed; nested exception is org.springframework.beans.BeanInstantiationException: Failed to instantiate [com.zaxxer.hikari.HikariDataSource]: Factory method 'dataSource' threw exception; nested exception is org.springframework.boot.autoconfigure.jdbc.DataSourceProperties$DataSourceBeanCreationException: Failed to determine a suitable driver class
2021-02-24 09:32:51,621 [main] INFO  [o.s.b.a.l.ConditionEvaluationReportLoggingListener] ConditionEvaluationReportLoggingListener.java:136 - 

Error starting ApplicationContext. To display the conditions report re-run your application with 'debug' enabled.
2021-02-24 09:32:51,651 [main] ERROR [o.s.b.diagnostics.LoggingFailureAnalysisReporter] LoggingFailureAnalysisReporter.java:40 - 

***************************
APPLICATION FAILED TO START
***************************

Description:

Failed to configure a DataSource: 'url' attribute is not specified and no embedded datasource could be configured.

Reason: Failed to determine a suitable driver class


Action:

Consider the following:
	If you want an embedded database (H2, HSQL or Derby), please put it on the classpath.
	If you have database settings to be loaded from a particular profile you may need to activate it (the profiles dev are currently active).

2021-02-24 12:25:25,336 [main] WARN  [c.a.cloud.nacos.client.NacosPropertySourceBuilder] NacosPropertySourceBuilder.java:87 - Ignore the empty nacos configuration and get it based on dataId[heng-administrator-biz] & group[group_dev]
2021-02-24 12:25:25,388 [main] WARN  [c.a.cloud.nacos.client.NacosPropertySourceBuilder] NacosPropertySourceBuilder.java:87 - Ignore the empty nacos configuration and get it based on dataId[heng-administrator-biz.yaml] & group[group_dev]
2021-02-24 12:25:25,402 [main] INFO  [o.s.c.b.c.PropertySourceBootstrapConfiguration] PropertySourceBootstrapConfiguration.java:109 - Located property source: [BootstrapPropertySource {name='bootstrapProperties-heng-administrator-biz-dev.yaml,group_dev'}, BootstrapPropertySource {name='bootstrapProperties-heng-administrator-biz.yaml,group_dev'}, BootstrapPropertySource {name='bootstrapProperties-heng-administrator-biz,group_dev'}, BootstrapPropertySource {name='bootstrapProperties-application-dev.yaml,group_dev'}]
2021-02-24 12:28:32,250 [main] WARN  [c.a.cloud.nacos.client.NacosPropertySourceBuilder] NacosPropertySourceBuilder.java:87 - Ignore the empty nacos configuration and get it based on dataId[heng-administrator-biz] & group[group_dev]
2021-02-24 12:28:32,255 [main] WARN  [c.a.cloud.nacos.client.NacosPropertySourceBuilder] NacosPropertySourceBuilder.java:87 - Ignore the empty nacos configuration and get it based on dataId[heng-administrator-biz.yaml] & group[group_dev]
2021-02-24 12:28:32,266 [main] INFO  [o.s.c.b.c.PropertySourceBootstrapConfiguration] PropertySourceBootstrapConfiguration.java:109 - Located property source: [BootstrapPropertySource {name='bootstrapProperties-heng-administrator-biz-dev.yaml,group_dev'}, BootstrapPropertySource {name='bootstrapProperties-heng-administrator-biz.yaml,group_dev'}, BootstrapPropertySource {name='bootstrapProperties-heng-administrator-biz,group_dev'}, BootstrapPropertySource {name='bootstrapProperties-application-dev.yaml,group_dev'}]
2021-02-24 12:29:40,823 [main] WARN  [c.a.cloud.nacos.client.NacosPropertySourceBuilder] NacosPropertySourceBuilder.java:87 - Ignore the empty nacos configuration and get it based on dataId[heng-administrator-biz] & group[group_dev]
2021-02-24 12:29:40,828 [main] WARN  [c.a.cloud.nacos.client.NacosPropertySourceBuilder] NacosPropertySourceBuilder.java:87 - Ignore the empty nacos configuration and get it based on dataId[heng-administrator-biz.yaml] & group[group_dev]
2021-02-24 12:29:40,843 [main] INFO  [o.s.c.b.c.PropertySourceBootstrapConfiguration] PropertySourceBootstrapConfiguration.java:109 - Located property source: [BootstrapPropertySource {name='bootstrapProperties-heng-administrator-biz-dev.yaml,group_dev'}, BootstrapPropertySource {name='bootstrapProperties-heng-administrator-biz.yaml,group_dev'}, BootstrapPropertySource {name='bootstrapProperties-heng-administrator-biz,group_dev'}, BootstrapPropertySource {name='bootstrapProperties-application-dev.yaml,group_dev'}]
2021-02-24 12:32:16,439 [main] WARN  [c.a.cloud.nacos.client.NacosPropertySourceBuilder] NacosPropertySourceBuilder.java:87 - Ignore the empty nacos configuration and get it based on dataId[heng-administrator-biz] & group[group_dev]
2021-02-24 12:32:16,444 [main] WARN  [c.a.cloud.nacos.client.NacosPropertySourceBuilder] NacosPropertySourceBuilder.java:87 - Ignore the empty nacos configuration and get it based on dataId[heng-administrator-biz.yaml] & group[group_dev]
2021-02-24 12:32:16,458 [main] INFO  [o.s.c.b.c.PropertySourceBootstrapConfiguration] PropertySourceBootstrapConfiguration.java:109 - Located property source: [BootstrapPropertySource {name='bootstrapProperties-heng-administrator-biz-dev.yaml,group_dev'}, BootstrapPropertySource {name='bootstrapProperties-heng-administrator-biz.yaml,group_dev'}, BootstrapPropertySource {name='bootstrapProperties-heng-administrator-biz,group_dev'}, BootstrapPropertySource {name='bootstrapProperties-application-dev.yaml,group_dev'}]
2021-02-24 12:44:13,136 [main] WARN  [c.a.cloud.nacos.client.NacosPropertySourceBuilder] NacosPropertySourceBuilder.java:87 - Ignore the empty nacos configuration and get it based on dataId[heng-administrator-biz] & group[group_dev]
2021-02-24 12:44:13,142 [main] WARN  [c.a.cloud.nacos.client.NacosPropertySourceBuilder] NacosPropertySourceBuilder.java:87 - Ignore the empty nacos configuration and get it based on dataId[heng-administrator-biz.yaml] & group[group_dev]
2021-02-24 12:44:13,154 [main] INFO  [o.s.c.b.c.PropertySourceBootstrapConfiguration] PropertySourceBootstrapConfiguration.java:109 - Located property source: [BootstrapPropertySource {name='bootstrapProperties-heng-administrator-biz-dev.yaml,group_dev'}, BootstrapPropertySource {name='bootstrapProperties-heng-administrator-biz.yaml,group_dev'}, BootstrapPropertySource {name='bootstrapProperties-heng-administrator-biz,group_dev'}, BootstrapPropertySource {name='bootstrapProperties-application-dev.yaml,group_dev'}]
2021-02-24 12:48:50,157 [main] WARN  [c.a.cloud.nacos.client.NacosPropertySourceBuilder] NacosPropertySourceBuilder.java:87 - Ignore the empty nacos configuration and get it based on dataId[heng-administrator-biz] & group[group_dev]
2021-02-24 12:48:50,163 [main] WARN  [c.a.cloud.nacos.client.NacosPropertySourceBuilder] NacosPropertySourceBuilder.java:87 - Ignore the empty nacos configuration and get it based on dataId[heng-administrator-biz.yaml] & group[group_dev]
2021-02-24 12:48:50,178 [main] INFO  [o.s.c.b.c.PropertySourceBootstrapConfiguration] PropertySourceBootstrapConfiguration.java:109 - Located property source: [BootstrapPropertySource {name='bootstrapProperties-heng-administrator-biz-dev.yaml,group_dev'}, BootstrapPropertySource {name='bootstrapProperties-heng-administrator-biz.yaml,group_dev'}, BootstrapPropertySource {name='bootstrapProperties-heng-administrator-biz,group_dev'}, BootstrapPropertySource {name='bootstrapProperties-application-dev.yaml,group_dev'}]
2021-02-24 13:41:29,188 [main] WARN  [c.a.cloud.nacos.client.NacosPropertySourceBuilder] NacosPropertySourceBuilder.java:87 - Ignore the empty nacos configuration and get it based on dataId[heng-administrator-biz] & group[group_dev]
2021-02-24 13:41:29,193 [main] WARN  [c.a.cloud.nacos.client.NacosPropertySourceBuilder] NacosPropertySourceBuilder.java:87 - Ignore the empty nacos configuration and get it based on dataId[heng-administrator-biz.yaml] & group[group_dev]
2021-02-24 13:41:29,207 [main] INFO  [o.s.c.b.c.PropertySourceBootstrapConfiguration] PropertySourceBootstrapConfiguration.java:109 - Located property source: [BootstrapPropertySource {name='bootstrapProperties-heng-administrator-biz-dev.yaml,group_dev'}, BootstrapPropertySource {name='bootstrapProperties-heng-administrator-biz.yaml,group_dev'}, BootstrapPropertySource {name='bootstrapProperties-heng-administrator-biz,group_dev'}, BootstrapPropertySource {name='bootstrapProperties-application-dev.yaml,group_dev'}]
2021-02-24 13:50:56,860 [main] WARN  [c.a.cloud.nacos.client.NacosPropertySourceBuilder] NacosPropertySourceBuilder.java:87 - Ignore the empty nacos configuration and get it based on dataId[heng-administrator-biz] & group[group_dev]
2021-02-24 13:50:56,864 [main] WARN  [c.a.cloud.nacos.client.NacosPropertySourceBuilder] NacosPropertySourceBuilder.java:87 - Ignore the empty nacos configuration and get it based on dataId[heng-administrator-biz.yaml] & group[group_dev]
2021-02-24 13:50:56,875 [main] INFO  [o.s.c.b.c.PropertySourceBootstrapConfiguration] PropertySourceBootstrapConfiguration.java:109 - Located property source: [BootstrapPropertySource {name='bootstrapProperties-heng-administrator-biz-dev.yaml,group_dev'}, BootstrapPropertySource {name='bootstrapProperties-heng-administrator-biz.yaml,group_dev'}, BootstrapPropertySource {name='bootstrapProperties-heng-administrator-biz,group_dev'}, BootstrapPropertySource {name='bootstrapProperties-application-dev.yaml,group_dev'}]
2021-02-24 14:01:01,961 [main] WARN  [c.a.cloud.nacos.client.NacosPropertySourceBuilder] NacosPropertySourceBuilder.java:87 - Ignore the empty nacos configuration and get it based on dataId[heng-administrator-biz] & group[group_dev]
2021-02-24 14:01:01,968 [main] WARN  [c.a.cloud.nacos.client.NacosPropertySourceBuilder] NacosPropertySourceBuilder.java:87 - Ignore the empty nacos configuration and get it based on dataId[heng-administrator-biz.yaml] & group[group_dev]
2021-02-24 14:01:01,981 [main] INFO  [o.s.c.b.c.PropertySourceBootstrapConfiguration] PropertySourceBootstrapConfiguration.java:109 - Located property source: [BootstrapPropertySource {name='bootstrapProperties-heng-administrator-biz-dev.yaml,group_dev'}, BootstrapPropertySource {name='bootstrapProperties-heng-administrator-biz.yaml,group_dev'}, BootstrapPropertySource {name='bootstrapProperties-heng-administrator-biz,group_dev'}, BootstrapPropertySource {name='bootstrapProperties-application-dev.yaml,group_dev'}]
2021-02-24 14:12:54,118 [main] WARN  [c.a.cloud.nacos.client.NacosPropertySourceBuilder] NacosPropertySourceBuilder.java:87 - Ignore the empty nacos configuration and get it based on dataId[heng-administrator-biz] & group[group_dev]
2021-02-24 14:12:54,124 [main] WARN  [c.a.cloud.nacos.client.NacosPropertySourceBuilder] NacosPropertySourceBuilder.java:87 - Ignore the empty nacos configuration and get it based on dataId[heng-administrator-biz.yaml] & group[group_dev]
2021-02-24 14:12:54,154 [main] INFO  [o.s.c.b.c.PropertySourceBootstrapConfiguration] PropertySourceBootstrapConfiguration.java:109 - Located property source: [BootstrapPropertySource {name='bootstrapProperties-heng-administrator-biz-dev.yaml,group_dev'}, BootstrapPropertySource {name='bootstrapProperties-heng-administrator-biz.yaml,group_dev'}, BootstrapPropertySource {name='bootstrapProperties-heng-administrator-biz,group_dev'}, BootstrapPropertySource {name='bootstrapProperties-application-dev.yaml,group_dev'}]
2021-02-24 14:23:19,250 [main] WARN  [c.a.cloud.nacos.client.NacosPropertySourceBuilder] NacosPropertySourceBuilder.java:87 - Ignore the empty nacos configuration and get it based on dataId[heng-administrator-biz] & group[group_dev]
2021-02-24 14:23:19,258 [main] WARN  [c.a.cloud.nacos.client.NacosPropertySourceBuilder] NacosPropertySourceBuilder.java:87 - Ignore the empty nacos configuration and get it based on dataId[heng-administrator-biz.yaml] & group[group_dev]
2021-02-24 14:23:19,278 [main] INFO  [o.s.c.b.c.PropertySourceBootstrapConfiguration] PropertySourceBootstrapConfiguration.java:109 - Located property source: [BootstrapPropertySource {name='bootstrapProperties-heng-administrator-biz-dev.yaml,group_dev'}, BootstrapPropertySource {name='bootstrapProperties-heng-administrator-biz.yaml,group_dev'}, BootstrapPropertySource {name='bootstrapProperties-heng-administrator-biz,group_dev'}, BootstrapPropertySource {name='bootstrapProperties-application-dev.yaml,group_dev'}]
2021-02-24 14:31:12,727 [main] WARN  [c.a.cloud.nacos.client.NacosPropertySourceBuilder] NacosPropertySourceBuilder.java:87 - Ignore the empty nacos configuration and get it based on dataId[heng-administrator-biz] & group[group_dev]
2021-02-24 14:31:12,735 [main] WARN  [c.a.cloud.nacos.client.NacosPropertySourceBuilder] NacosPropertySourceBuilder.java:87 - Ignore the empty nacos configuration and get it based on dataId[heng-administrator-biz.yaml] & group[group_dev]
2021-02-24 14:31:12,748 [main] INFO  [o.s.c.b.c.PropertySourceBootstrapConfiguration] PropertySourceBootstrapConfiguration.java:109 - Located property source: [BootstrapPropertySource {name='bootstrapProperties-heng-administrator-biz-dev.yaml,group_dev'}, BootstrapPropertySource {name='bootstrapProperties-heng-administrator-biz.yaml,group_dev'}, BootstrapPropertySource {name='bootstrapProperties-heng-administrator-biz,group_dev'}, BootstrapPropertySource {name='bootstrapProperties-application-dev.yaml,group_dev'}]
2021-02-24 14:33:23,029 [main] WARN  [c.a.cloud.nacos.client.NacosPropertySourceBuilder] NacosPropertySourceBuilder.java:87 - Ignore the empty nacos configuration and get it based on dataId[heng-administrator-biz] & group[group_dev]
2021-02-24 14:33:23,034 [main] WARN  [c.a.cloud.nacos.client.NacosPropertySourceBuilder] NacosPropertySourceBuilder.java:87 - Ignore the empty nacos configuration and get it based on dataId[heng-administrator-biz.yaml] & group[group_dev]
2021-02-24 14:33:23,047 [main] INFO  [o.s.c.b.c.PropertySourceBootstrapConfiguration] PropertySourceBootstrapConfiguration.java:109 - Located property source: [BootstrapPropertySource {name='bootstrapProperties-heng-administrator-biz-dev.yaml,group_dev'}, BootstrapPropertySource {name='bootstrapProperties-heng-administrator-biz.yaml,group_dev'}, BootstrapPropertySource {name='bootstrapProperties-heng-administrator-biz,group_dev'}, BootstrapPropertySource {name='bootstrapProperties-application-dev.yaml,group_dev'}]
2021-02-24 14:42:26,059 [main] WARN  [c.a.cloud.nacos.client.NacosPropertySourceBuilder] NacosPropertySourceBuilder.java:87 - Ignore the empty nacos configuration and get it based on dataId[heng-administrator-biz] & group[group_dev]
2021-02-24 14:42:26,068 [main] WARN  [c.a.cloud.nacos.client.NacosPropertySourceBuilder] NacosPropertySourceBuilder.java:87 - Ignore the empty nacos configuration and get it based on dataId[heng-administrator-biz.yaml] & group[group_dev]
2021-02-24 14:42:26,079 [main] INFO  [o.s.c.b.c.PropertySourceBootstrapConfiguration] PropertySourceBootstrapConfiguration.java:109 - Located property source: [BootstrapPropertySource {name='bootstrapProperties-heng-administrator-biz-dev.yaml,group_dev'}, BootstrapPropertySource {name='bootstrapProperties-heng-administrator-biz.yaml,group_dev'}, BootstrapPropertySource {name='bootstrapProperties-heng-administrator-biz,group_dev'}, BootstrapPropertySource {name='bootstrapProperties-application-dev.yaml,group_dev'}]
2021-02-24 14:43:02,104 [main] WARN  [c.a.cloud.nacos.client.NacosPropertySourceBuilder] NacosPropertySourceBuilder.java:87 - Ignore the empty nacos configuration and get it based on dataId[heng-administrator-biz] & group[group_dev]
2021-02-24 14:43:02,147 [main] WARN  [c.a.cloud.nacos.client.NacosPropertySourceBuilder] NacosPropertySourceBuilder.java:87 - Ignore the empty nacos configuration and get it based on dataId[heng-administrator-biz.yaml] & group[group_dev]
2021-02-24 14:43:02,232 [main] INFO  [o.s.c.b.c.PropertySourceBootstrapConfiguration] PropertySourceBootstrapConfiguration.java:109 - Located property source: [BootstrapPropertySource {name='bootstrapProperties-heng-administrator-biz-dev.yaml,group_dev'}, BootstrapPropertySource {name='bootstrapProperties-heng-administrator-biz.yaml,group_dev'}, BootstrapPropertySource {name='bootstrapProperties-heng-administrator-biz,group_dev'}, BootstrapPropertySource {name='bootstrapProperties-application-dev.yaml,group_dev'}]
2021-02-24 14:44:42,021 [main] WARN  [c.a.cloud.nacos.client.NacosPropertySourceBuilder] NacosPropertySourceBuilder.java:87 - Ignore the empty nacos configuration and get it based on dataId[heng-administrator-biz] & group[group_dev]
2021-02-24 14:44:42,025 [main] WARN  [c.a.cloud.nacos.client.NacosPropertySourceBuilder] NacosPropertySourceBuilder.java:87 - Ignore the empty nacos configuration and get it based on dataId[heng-administrator-biz.yaml] & group[group_dev]
2021-02-24 14:44:42,039 [main] INFO  [o.s.c.b.c.PropertySourceBootstrapConfiguration] PropertySourceBootstrapConfiguration.java:109 - Located property source: [BootstrapPropertySource {name='bootstrapProperties-heng-administrator-biz-dev.yaml,group_dev'}, BootstrapPropertySource {name='bootstrapProperties-heng-administrator-biz.yaml,group_dev'}, BootstrapPropertySource {name='bootstrapProperties-heng-administrator-biz,group_dev'}, BootstrapPropertySource {name='bootstrapProperties-application-dev.yaml,group_dev'}]
2021-02-24 14:58:54,066 [main] WARN  [c.a.cloud.nacos.client.NacosPropertySourceBuilder] NacosPropertySourceBuilder.java:87 - Ignore the empty nacos configuration and get it based on dataId[heng-administrator-biz] & group[group_dev]
2021-02-24 14:58:54,100 [main] WARN  [c.a.cloud.nacos.client.NacosPropertySourceBuilder] NacosPropertySourceBuilder.java:87 - Ignore the empty nacos configuration and get it based on dataId[heng-administrator-biz.yaml] & group[group_dev]
2021-02-24 14:58:54,141 [main] INFO  [o.s.c.b.c.PropertySourceBootstrapConfiguration] PropertySourceBootstrapConfiguration.java:109 - Located property source: [BootstrapPropertySource {name='bootstrapProperties-heng-administrator-biz-dev.yaml,group_dev'}, BootstrapPropertySource {name='bootstrapProperties-heng-administrator-biz.yaml,group_dev'}, BootstrapPropertySource {name='bootstrapProperties-heng-administrator-biz,group_dev'}, BootstrapPropertySource {name='bootstrapProperties-application-dev.yaml,group_dev'}]
2021-02-24 15:00:26,834 [background-preinit] INFO  [org.hibernate.validator.internal.util.Version] Version.java:21 - HV000001: Hibernate Validator 6.1.7.Final
2021-02-24 15:00:27,300 [main] INFO  [c.u.j.c.EnableEncryptablePropertiesBeanFactoryPostProcessor] EnableEncryptablePropertiesBeanFactoryPostProcessor.java:50 - Post-processing PropertySource instances
2021-02-24 15:00:27,364 [main] INFO  [c.u.j.EncryptablePropertySourceConverter] EncryptablePropertySourceConverter.java:38 - Converting PropertySource configurationProperties [org.springframework.boot.context.properties.source.ConfigurationPropertySourcesPropertySource] to AOP Proxy
2021-02-24 15:00:27,365 [main] INFO  [c.u.j.EncryptablePropertySourceConverter] EncryptablePropertySourceConverter.java:38 - Converting PropertySource bootstrap [org.springframework.core.env.MapPropertySource] to EncryptableMapPropertySourceWrapper
2021-02-24 15:00:27,366 [main] INFO  [c.u.j.EncryptablePropertySourceConverter] EncryptablePropertySourceConverter.java:38 - Converting PropertySource systemProperties [org.springframework.core.env.PropertiesPropertySource] to EncryptableMapPropertySourceWrapper
2021-02-24 15:00:27,366 [main] INFO  [c.u.j.EncryptablePropertySourceConverter] EncryptablePropertySourceConverter.java:38 - Converting PropertySource systemEnvironment [org.springframework.boot.env.SystemEnvironmentPropertySourceEnvironmentPostProcessor$OriginAwareSystemEnvironmentPropertySource] to EncryptableMapPropertySourceWrapper
2021-02-24 15:00:27,366 [main] INFO  [c.u.j.EncryptablePropertySourceConverter] EncryptablePropertySourceConverter.java:38 - Converting PropertySource random [org.springframework.boot.env.RandomValuePropertySource] to EncryptablePropertySourceWrapper
2021-02-24 15:00:27,367 [main] INFO  [c.u.j.EncryptablePropertySourceConverter] EncryptablePropertySourceConverter.java:38 - Converting PropertySource springCloudClientHostInfo [org.springframework.core.env.MapPropertySource] to EncryptableMapPropertySourceWrapper
2021-02-24 15:00:27,408 [main] INFO  [c.u.j.filter.DefaultLazyPropertyFilter] DefaultLazyPropertyFilter.java:31 - Property Filter custom Bean not found with name 'encryptablePropertyFilter'. Initializing Default Property Filter
2021-02-24 15:00:27,494 [main] INFO  [c.u.j.resolver.DefaultLazyPropertyResolver] DefaultLazyPropertyResolver.java:31 - Property Resolver custom Bean not found with name 'encryptablePropertyResolver'. Initializing Default Property Resolver
2021-02-24 15:00:27,496 [main] INFO  [c.u.j.detector.DefaultLazyPropertyDetector] DefaultLazyPropertyDetector.java:30 - Property Detector custom Bean not found with name 'encryptablePropertyDetector'. Initializing Default Property Detector
2021-02-24 15:00:27,797 [main] WARN  [c.a.cloud.nacos.client.NacosPropertySourceBuilder] NacosPropertySourceBuilder.java:87 - Ignore the empty nacos configuration and get it based on dataId[null.properties] & group[DEFAULT_GROUP]
2021-02-24 15:00:27,798 [main] INFO  [o.s.c.b.c.PropertySourceBootstrapConfiguration] PropertySourceBootstrapConfiguration.java:109 - Located property source: [BootstrapPropertySource {name='bootstrapProperties-null.properties,DEFAULT_GROUP'}]
2021-02-24 15:00:27,803 [main] INFO  [c.u.j.c.EnableEncryptablePropertiesConfiguration] EnableEncryptablePropertiesConfiguration.java:69 - Bootstraping jasypt-string-boot auto configuration in context: application-1
2021-02-24 15:00:27,805 [main] INFO  [com.hengcloud.heng.biz.App] SpringApplication.java:660 - No active profile set, falling back to default profiles: default
2021-02-24 15:00:27,838 [main] ERROR [org.springframework.boot.SpringApplication] SpringApplication.java:856 - Application run failed
java.lang.ArrayStoreException: sun.reflect.annotation.TypeNotPresentExceptionProxy
	at sun.reflect.annotation.AnnotationParser.parseClassArray(AnnotationParser.java:724)
	at sun.reflect.annotation.AnnotationParser.parseArray(AnnotationParser.java:531)
	at sun.reflect.annotation.AnnotationParser.parseMemberValue(AnnotationParser.java:355)
	at sun.reflect.annotation.AnnotationParser.parseAnnotation2(AnnotationParser.java:286)
	at sun.reflect.annotation.AnnotationParser.parseAnnotation(AnnotationParser.java:226)
	at sun.reflect.annotation.AnnotationParser.parseAnnotationArray(AnnotationParser.java:765)
	at sun.reflect.annotation.AnnotationParser.parseArray(AnnotationParser.java:537)
	at sun.reflect.annotation.AnnotationParser.parseMemberValue(AnnotationParser.java:355)
	at sun.reflect.annotation.AnnotationParser.parseAnnotation2(AnnotationParser.java:286)
	at sun.reflect.annotation.AnnotationParser.parseAnnotations2(AnnotationParser.java:120)
	at sun.reflect.annotation.AnnotationParser.parseAnnotations(AnnotationParser.java:72)
	at java.lang.Class.createAnnotationData(Class.java:3521)
	at java.lang.Class.annotationData(Class.java:3510)
	at java.lang.Class.getDeclaredAnnotations(Class.java:3477)
	at org.springframework.core.annotation.AnnotationsScanner.getDeclaredAnnotations(AnnotationsScanner.java:454)
	at org.springframework.core.annotation.AnnotationsScanner.isKnownEmpty(AnnotationsScanner.java:492)
	at org.springframework.core.annotation.TypeMappedAnnotations.from(TypeMappedAnnotations.java:251)
	at org.springframework.core.annotation.MergedAnnotations.from(MergedAnnotations.java:351)
	at org.springframework.core.annotation.MergedAnnotations.from(MergedAnnotations.java:330)
	at org.springframework.core.type.StandardAnnotationMetadata.<init>(StandardAnnotationMetadata.java:86)
	at org.springframework.core.type.StandardAnnotationMetadata.from(StandardAnnotationMetadata.java:175)
	at org.springframework.core.type.AnnotationMetadata.introspect(AnnotationMetadata.java:127)
	at org.springframework.beans.factory.annotation.AnnotatedGenericBeanDefinition.<init>(AnnotatedGenericBeanDefinition.java:58)
	at org.springframework.context.annotation.AnnotatedBeanDefinitionReader.doRegisterBean(AnnotatedBeanDefinitionReader.java:253)
	at org.springframework.context.annotation.AnnotatedBeanDefinitionReader.registerBean(AnnotatedBeanDefinitionReader.java:147)
	at org.springframework.context.annotation.AnnotatedBeanDefinitionReader.register(AnnotatedBeanDefinitionReader.java:137)
	at org.springframework.boot.BeanDefinitionLoader.load(BeanDefinitionLoader.java:168)
	at org.springframework.boot.BeanDefinitionLoader.load(BeanDefinitionLoader.java:143)
	at org.springframework.boot.BeanDefinitionLoader.load(BeanDefinitionLoader.java:136)
	at org.springframework.boot.SpringApplication.load(SpringApplication.java:700)
	at org.springframework.boot.SpringApplication.prepareContext(SpringApplication.java:413)
	at org.springframework.boot.SpringApplication.run(SpringApplication.java:325)
	at org.springframework.boot.SpringApplication.run(SpringApplication.java:1311)
	at org.springframework.boot.SpringApplication.run(SpringApplication.java:1300)
	at com.hengcloud.heng.biz.App.main(App.java:28)
2021-02-24 15:01:26,328 [main] WARN  [c.a.cloud.nacos.client.NacosPropertySourceBuilder] NacosPropertySourceBuilder.java:87 - Ignore the empty nacos configuration and get it based on dataId[heng-administrator-biz] & group[group_dev]
2021-02-24 15:01:26,334 [main] WARN  [c.a.cloud.nacos.client.NacosPropertySourceBuilder] NacosPropertySourceBuilder.java:87 - Ignore the empty nacos configuration and get it based on dataId[heng-administrator-biz.yaml] & group[group_dev]
2021-02-24 15:01:26,344 [main] INFO  [o.s.c.b.c.PropertySourceBootstrapConfiguration] PropertySourceBootstrapConfiguration.java:109 - Located property source: [BootstrapPropertySource {name='bootstrapProperties-heng-administrator-biz-dev.yaml,group_dev'}, BootstrapPropertySource {name='bootstrapProperties-heng-administrator-biz.yaml,group_dev'}, BootstrapPropertySource {name='bootstrapProperties-heng-administrator-biz,group_dev'}, BootstrapPropertySource {name='bootstrapProperties-application-dev.yaml,group_dev'}]
2021-02-24 15:03:55,631 [main] WARN  [c.a.cloud.nacos.client.NacosPropertySourceBuilder] NacosPropertySourceBuilder.java:87 - Ignore the empty nacos configuration and get it based on dataId[heng-administrator-biz] & group[group_dev]
2021-02-24 15:03:55,636 [main] WARN  [c.a.cloud.nacos.client.NacosPropertySourceBuilder] NacosPropertySourceBuilder.java:87 - Ignore the empty nacos configuration and get it based on dataId[heng-administrator-biz.yaml] & group[group_dev]
2021-02-24 15:03:55,645 [main] INFO  [o.s.c.b.c.PropertySourceBootstrapConfiguration] PropertySourceBootstrapConfiguration.java:109 - Located property source: [BootstrapPropertySource {name='bootstrapProperties-heng-administrator-biz-dev.yaml,group_dev'}, BootstrapPropertySource {name='bootstrapProperties-heng-administrator-biz.yaml,group_dev'}, BootstrapPropertySource {name='bootstrapProperties-heng-administrator-biz,group_dev'}, BootstrapPropertySource {name='bootstrapProperties-application-dev.yaml,group_dev'}]
2021-02-24 15:05:36,034 [main] WARN  [c.a.cloud.nacos.client.NacosPropertySourceBuilder] NacosPropertySourceBuilder.java:87 - Ignore the empty nacos configuration and get it based on dataId[heng-administrator-biz] & group[group_dev]
2021-02-24 15:05:36,040 [main] WARN  [c.a.cloud.nacos.client.NacosPropertySourceBuilder] NacosPropertySourceBuilder.java:87 - Ignore the empty nacos configuration and get it based on dataId[heng-administrator-biz.yaml] & group[group_dev]
2021-02-24 15:05:36,049 [main] INFO  [o.s.c.b.c.PropertySourceBootstrapConfiguration] PropertySourceBootstrapConfiguration.java:109 - Located property source: [BootstrapPropertySource {name='bootstrapProperties-heng-administrator-biz-dev.yaml,group_dev'}, BootstrapPropertySource {name='bootstrapProperties-heng-administrator-biz.yaml,group_dev'}, BootstrapPropertySource {name='bootstrapProperties-heng-administrator-biz,group_dev'}, BootstrapPropertySource {name='bootstrapProperties-application-dev.yaml,group_dev'}]
2021-02-24 15:06:40,053 [main] WARN  [c.a.cloud.nacos.client.NacosPropertySourceBuilder] NacosPropertySourceBuilder.java:87 - Ignore the empty nacos configuration and get it based on dataId[heng-administrator-biz] & group[group_dev]
2021-02-24 15:06:40,059 [main] WARN  [c.a.cloud.nacos.client.NacosPropertySourceBuilder] NacosPropertySourceBuilder.java:87 - Ignore the empty nacos configuration and get it based on dataId[heng-administrator-biz.yaml] & group[group_dev]
2021-02-24 15:06:40,079 [main] INFO  [o.s.c.b.c.PropertySourceBootstrapConfiguration] PropertySourceBootstrapConfiguration.java:109 - Located property source: [BootstrapPropertySource {name='bootstrapProperties-heng-administrator-biz-dev.yaml,group_dev'}, BootstrapPropertySource {name='bootstrapProperties-heng-administrator-biz.yaml,group_dev'}, BootstrapPropertySource {name='bootstrapProperties-heng-administrator-biz,group_dev'}, BootstrapPropertySource {name='bootstrapProperties-application-dev.yaml,group_dev'}]
2021-02-24 15:08:26,851 [main] WARN  [c.a.cloud.nacos.client.NacosPropertySourceBuilder] NacosPropertySourceBuilder.java:87 - Ignore the empty nacos configuration and get it based on dataId[heng-administrator-biz] & group[group_dev]
2021-02-24 15:08:26,975 [main] WARN  [c.a.cloud.nacos.client.NacosPropertySourceBuilder] NacosPropertySourceBuilder.java:87 - Ignore the empty nacos configuration and get it based on dataId[heng-administrator-biz.yaml] & group[group_dev]
2021-02-24 15:08:26,989 [main] INFO  [o.s.c.b.c.PropertySourceBootstrapConfiguration] PropertySourceBootstrapConfiguration.java:109 - Located property source: [BootstrapPropertySource {name='bootstrapProperties-heng-administrator-biz-dev.yaml,group_dev'}, BootstrapPropertySource {name='bootstrapProperties-heng-administrator-biz.yaml,group_dev'}, BootstrapPropertySource {name='bootstrapProperties-heng-administrator-biz,group_dev'}, BootstrapPropertySource {name='bootstrapProperties-application-dev.yaml,group_dev'}]
2021-02-24 15:12:43,488 [main] WARN  [c.a.cloud.nacos.client.NacosPropertySourceBuilder] NacosPropertySourceBuilder.java:87 - Ignore the empty nacos configuration and get it based on dataId[heng-administrator-biz] & group[group_dev]
2021-02-24 15:12:43,518 [main] WARN  [c.a.cloud.nacos.client.NacosPropertySourceBuilder] NacosPropertySourceBuilder.java:87 - Ignore the empty nacos configuration and get it based on dataId[heng-administrator-biz.yaml] & group[group_dev]
2021-02-24 15:12:43,527 [main] INFO  [o.s.c.b.c.PropertySourceBootstrapConfiguration] PropertySourceBootstrapConfiguration.java:109 - Located property source: [BootstrapPropertySource {name='bootstrapProperties-heng-administrator-biz-dev.yaml,group_dev'}, BootstrapPropertySource {name='bootstrapProperties-heng-administrator-biz.yaml,group_dev'}, BootstrapPropertySource {name='bootstrapProperties-heng-administrator-biz,group_dev'}, BootstrapPropertySource {name='bootstrapProperties-application-dev.yaml,group_dev'}]
2021-02-24 15:14:43,257 [main] WARN  [c.a.cloud.nacos.client.NacosPropertySourceBuilder] NacosPropertySourceBuilder.java:87 - Ignore the empty nacos configuration and get it based on dataId[heng-administrator-biz] & group[group_dev]
2021-02-24 15:14:43,261 [main] WARN  [c.a.cloud.nacos.client.NacosPropertySourceBuilder] NacosPropertySourceBuilder.java:87 - Ignore the empty nacos configuration and get it based on dataId[heng-administrator-biz.yaml] & group[group_dev]
2021-02-24 15:14:43,271 [main] INFO  [o.s.c.b.c.PropertySourceBootstrapConfiguration] PropertySourceBootstrapConfiguration.java:109 - Located property source: [BootstrapPropertySource {name='bootstrapProperties-heng-administrator-biz-dev.yaml,group_dev'}, BootstrapPropertySource {name='bootstrapProperties-heng-administrator-biz.yaml,group_dev'}, BootstrapPropertySource {name='bootstrapProperties-heng-administrator-biz,group_dev'}, BootstrapPropertySource {name='bootstrapProperties-application-dev.yaml,group_dev'}]
2021-02-24 15:18:22,555 [main] WARN  [c.a.cloud.nacos.client.NacosPropertySourceBuilder] NacosPropertySourceBuilder.java:87 - Ignore the empty nacos configuration and get it based on dataId[heng-administrator-biz] & group[group_dev]
2021-02-24 15:18:22,560 [main] WARN  [c.a.cloud.nacos.client.NacosPropertySourceBuilder] NacosPropertySourceBuilder.java:87 - Ignore the empty nacos configuration and get it based on dataId[heng-administrator-biz.yaml] & group[group_dev]
2021-02-24 15:18:22,571 [main] INFO  [o.s.c.b.c.PropertySourceBootstrapConfiguration] PropertySourceBootstrapConfiguration.java:109 - Located property source: [BootstrapPropertySource {name='bootstrapProperties-heng-administrator-biz-dev.yaml,group_dev'}, BootstrapPropertySource {name='bootstrapProperties-heng-administrator-biz.yaml,group_dev'}, BootstrapPropertySource {name='bootstrapProperties-heng-administrator-biz,group_dev'}, BootstrapPropertySource {name='bootstrapProperties-application-dev.yaml,group_dev'}]
2021-02-24 15:24:14,846 [main] WARN  [c.a.cloud.nacos.client.NacosPropertySourceBuilder] NacosPropertySourceBuilder.java:87 - Ignore the empty nacos configuration and get it based on dataId[heng-administrator-biz] & group[group_dev]
2021-02-24 15:24:14,852 [main] WARN  [c.a.cloud.nacos.client.NacosPropertySourceBuilder] NacosPropertySourceBuilder.java:87 - Ignore the empty nacos configuration and get it based on dataId[heng-administrator-biz.yaml] & group[group_dev]
2021-02-24 15:24:14,862 [main] INFO  [o.s.c.b.c.PropertySourceBootstrapConfiguration] PropertySourceBootstrapConfiguration.java:109 - Located property source: [BootstrapPropertySource {name='bootstrapProperties-heng-administrator-biz-dev.yaml,group_dev'}, BootstrapPropertySource {name='bootstrapProperties-heng-administrator-biz.yaml,group_dev'}, BootstrapPropertySource {name='bootstrapProperties-heng-administrator-biz,group_dev'}, BootstrapPropertySource {name='bootstrapProperties-application-dev.yaml,group_dev'}]
2021-02-24 15:27:03,970 [main] WARN  [c.a.cloud.nacos.client.NacosPropertySourceBuilder] NacosPropertySourceBuilder.java:87 - Ignore the empty nacos configuration and get it based on dataId[heng-administrator-biz] & group[group_dev]
2021-02-24 15:27:03,976 [main] WARN  [c.a.cloud.nacos.client.NacosPropertySourceBuilder] NacosPropertySourceBuilder.java:87 - Ignore the empty nacos configuration and get it based on dataId[heng-administrator-biz.yaml] & group[group_dev]
2021-02-24 15:27:03,986 [main] INFO  [o.s.c.b.c.PropertySourceBootstrapConfiguration] PropertySourceBootstrapConfiguration.java:109 - Located property source: [BootstrapPropertySource {name='bootstrapProperties-heng-administrator-biz-dev.yaml,group_dev'}, BootstrapPropertySource {name='bootstrapProperties-heng-administrator-biz.yaml,group_dev'}, BootstrapPropertySource {name='bootstrapProperties-heng-administrator-biz,group_dev'}, BootstrapPropertySource {name='bootstrapProperties-application-dev.yaml,group_dev'}]
2021-02-24 15:28:13,648 [main] WARN  [c.a.cloud.nacos.client.NacosPropertySourceBuilder] NacosPropertySourceBuilder.java:87 - Ignore the empty nacos configuration and get it based on dataId[heng-administrator-biz] & group[group_dev]
2021-02-24 15:28:13,654 [main] WARN  [c.a.cloud.nacos.client.NacosPropertySourceBuilder] NacosPropertySourceBuilder.java:87 - Ignore the empty nacos configuration and get it based on dataId[heng-administrator-biz.yaml] & group[group_dev]
2021-02-24 15:28:13,663 [main] INFO  [o.s.c.b.c.PropertySourceBootstrapConfiguration] PropertySourceBootstrapConfiguration.java:109 - Located property source: [BootstrapPropertySource {name='bootstrapProperties-heng-administrator-biz-dev.yaml,group_dev'}, BootstrapPropertySource {name='bootstrapProperties-heng-administrator-biz.yaml,group_dev'}, BootstrapPropertySource {name='bootstrapProperties-heng-administrator-biz,group_dev'}, BootstrapPropertySource {name='bootstrapProperties-application-dev.yaml,group_dev'}]
2021-02-24 15:29:51,523 [main] WARN  [c.a.cloud.nacos.client.NacosPropertySourceBuilder] NacosPropertySourceBuilder.java:87 - Ignore the empty nacos configuration and get it based on dataId[heng-administrator-biz] & group[group_dev]
2021-02-24 15:29:51,529 [main] WARN  [c.a.cloud.nacos.client.NacosPropertySourceBuilder] NacosPropertySourceBuilder.java:87 - Ignore the empty nacos configuration and get it based on dataId[heng-administrator-biz.yaml] & group[group_dev]
2021-02-24 15:29:51,539 [main] INFO  [o.s.c.b.c.PropertySourceBootstrapConfiguration] PropertySourceBootstrapConfiguration.java:109 - Located property source: [BootstrapPropertySource {name='bootstrapProperties-heng-administrator-biz-dev.yaml,group_dev'}, BootstrapPropertySource {name='bootstrapProperties-heng-administrator-biz.yaml,group_dev'}, BootstrapPropertySource {name='bootstrapProperties-heng-administrator-biz,group_dev'}, BootstrapPropertySource {name='bootstrapProperties-application-dev.yaml,group_dev'}]
2021-02-24 15:31:48,453 [main] WARN  [c.a.cloud.nacos.client.NacosPropertySourceBuilder] NacosPropertySourceBuilder.java:87 - Ignore the empty nacos configuration and get it based on dataId[heng-administrator-biz] & group[group_dev]
2021-02-24 15:31:48,458 [main] WARN  [c.a.cloud.nacos.client.NacosPropertySourceBuilder] NacosPropertySourceBuilder.java:87 - Ignore the empty nacos configuration and get it based on dataId[heng-administrator-biz.yaml] & group[group_dev]
2021-02-24 15:31:48,468 [main] INFO  [o.s.c.b.c.PropertySourceBootstrapConfiguration] PropertySourceBootstrapConfiguration.java:109 - Located property source: [BootstrapPropertySource {name='bootstrapProperties-heng-administrator-biz-dev.yaml,group_dev'}, BootstrapPropertySource {name='bootstrapProperties-heng-administrator-biz.yaml,group_dev'}, BootstrapPropertySource {name='bootstrapProperties-heng-administrator-biz,group_dev'}, BootstrapPropertySource {name='bootstrapProperties-application-dev.yaml,group_dev'}]
2021-02-24 15:33:38,633 [main] WARN  [c.a.cloud.nacos.client.NacosPropertySourceBuilder] NacosPropertySourceBuilder.java:87 - Ignore the empty nacos configuration and get it based on dataId[heng-administrator-biz] & group[group_dev]
2021-02-24 15:33:38,637 [main] WARN  [c.a.cloud.nacos.client.NacosPropertySourceBuilder] NacosPropertySourceBuilder.java:87 - Ignore the empty nacos configuration and get it based on dataId[heng-administrator-biz.yaml] & group[group_dev]
2021-02-24 15:33:38,646 [main] INFO  [o.s.c.b.c.PropertySourceBootstrapConfiguration] PropertySourceBootstrapConfiguration.java:109 - Located property source: [BootstrapPropertySource {name='bootstrapProperties-heng-administrator-biz-dev.yaml,group_dev'}, BootstrapPropertySource {name='bootstrapProperties-heng-administrator-biz.yaml,group_dev'}, BootstrapPropertySource {name='bootstrapProperties-heng-administrator-biz,group_dev'}, BootstrapPropertySource {name='bootstrapProperties-application-dev.yaml,group_dev'}]
2021-02-24 15:35:41,793 [main] WARN  [c.a.cloud.nacos.client.NacosPropertySourceBuilder] NacosPropertySourceBuilder.java:87 - Ignore the empty nacos configuration and get it based on dataId[heng-administrator-biz] & group[group_dev]
2021-02-24 15:35:41,828 [main] WARN  [c.a.cloud.nacos.client.NacosPropertySourceBuilder] NacosPropertySourceBuilder.java:87 - Ignore the empty nacos configuration and get it based on dataId[heng-administrator-biz.yaml] & group[group_dev]
2021-02-24 15:35:41,842 [main] INFO  [o.s.c.b.c.PropertySourceBootstrapConfiguration] PropertySourceBootstrapConfiguration.java:109 - Located property source: [BootstrapPropertySource {name='bootstrapProperties-heng-administrator-biz-dev.yaml,group_dev'}, BootstrapPropertySource {name='bootstrapProperties-heng-administrator-biz.yaml,group_dev'}, BootstrapPropertySource {name='bootstrapProperties-heng-administrator-biz,group_dev'}, BootstrapPropertySource {name='bootstrapProperties-application-dev.yaml,group_dev'}]
2021-02-24 15:42:27,508 [main] WARN  [c.a.cloud.nacos.client.NacosPropertySourceBuilder] NacosPropertySourceBuilder.java:87 - Ignore the empty nacos configuration and get it based on dataId[heng-administrator-biz] & group[group_dev]
2021-02-24 15:42:27,514 [main] WARN  [c.a.cloud.nacos.client.NacosPropertySourceBuilder] NacosPropertySourceBuilder.java:87 - Ignore the empty nacos configuration and get it based on dataId[heng-administrator-biz.yaml] & group[group_dev]
2021-02-24 15:42:27,525 [main] INFO  [o.s.c.b.c.PropertySourceBootstrapConfiguration] PropertySourceBootstrapConfiguration.java:109 - Located property source: [BootstrapPropertySource {name='bootstrapProperties-heng-administrator-biz-dev.yaml,group_dev'}, BootstrapPropertySource {name='bootstrapProperties-heng-administrator-biz.yaml,group_dev'}, BootstrapPropertySource {name='bootstrapProperties-heng-administrator-biz,group_dev'}, BootstrapPropertySource {name='bootstrapProperties-application-dev.yaml,group_dev'}]
2021-02-24 15:43:35,423 [main] WARN  [c.a.cloud.nacos.client.NacosPropertySourceBuilder] NacosPropertySourceBuilder.java:87 - Ignore the empty nacos configuration and get it based on dataId[heng-administrator-biz] & group[group_dev]
2021-02-24 15:43:35,437 [main] WARN  [c.a.cloud.nacos.client.NacosPropertySourceBuilder] NacosPropertySourceBuilder.java:87 - Ignore the empty nacos configuration and get it based on dataId[heng-administrator-biz.yaml] & group[group_dev]
2021-02-24 15:43:35,447 [main] INFO  [o.s.c.b.c.PropertySourceBootstrapConfiguration] PropertySourceBootstrapConfiguration.java:109 - Located property source: [BootstrapPropertySource {name='bootstrapProperties-heng-administrator-biz-dev.yaml,group_dev'}, BootstrapPropertySource {name='bootstrapProperties-heng-administrator-biz.yaml,group_dev'}, BootstrapPropertySource {name='bootstrapProperties-heng-administrator-biz,group_dev'}, BootstrapPropertySource {name='bootstrapProperties-application-dev.yaml,group_dev'}]
2021-02-24 15:50:04,539 [main] WARN  [c.a.cloud.nacos.client.NacosPropertySourceBuilder] NacosPropertySourceBuilder.java:87 - Ignore the empty nacos configuration and get it based on dataId[heng-administrator-biz] & group[group_dev]
2021-02-24 15:50:04,545 [main] WARN  [c.a.cloud.nacos.client.NacosPropertySourceBuilder] NacosPropertySourceBuilder.java:87 - Ignore the empty nacos configuration and get it based on dataId[heng-administrator-biz.yaml] & group[group_dev]
2021-02-24 15:50:04,563 [main] INFO  [o.s.c.b.c.PropertySourceBootstrapConfiguration] PropertySourceBootstrapConfiguration.java:109 - Located property source: [BootstrapPropertySource {name='bootstrapProperties-heng-administrator-biz-dev.yaml,group_dev'}, BootstrapPropertySource {name='bootstrapProperties-heng-administrator-biz.yaml,group_dev'}, BootstrapPropertySource {name='bootstrapProperties-heng-administrator-biz,group_dev'}, BootstrapPropertySource {name='bootstrapProperties-application-dev.yaml,group_dev'}]
2021-02-24 16:06:59,658 [main] WARN  [c.a.cloud.nacos.client.NacosPropertySourceBuilder] NacosPropertySourceBuilder.java:87 - Ignore the empty nacos configuration and get it based on dataId[heng-administrator-biz] & group[group_dev]
2021-02-24 16:06:59,697 [main] WARN  [c.a.cloud.nacos.client.NacosPropertySourceBuilder] NacosPropertySourceBuilder.java:87 - Ignore the empty nacos configuration and get it based on dataId[heng-administrator-biz.yaml] & group[group_dev]
2021-02-24 16:06:59,709 [main] INFO  [o.s.c.b.c.PropertySourceBootstrapConfiguration] PropertySourceBootstrapConfiguration.java:109 - Located property source: [BootstrapPropertySource {name='bootstrapProperties-heng-administrator-biz-dev.yaml,group_dev'}, BootstrapPropertySource {name='bootstrapProperties-heng-administrator-biz.yaml,group_dev'}, BootstrapPropertySource {name='bootstrapProperties-heng-administrator-biz,group_dev'}, BootstrapPropertySource {name='bootstrapProperties-application-dev.yaml,group_dev'}]
